2018-01-24 17:30:10.658 -05:00 [Information] Starting PT Feeder (no longer a mouthful)
2018-01-24 17:30:10.743 -05:00 [Information] Massive thanks to Elroy and team for Profit Trailer. https://github.com/taniman/profit-trailer
2018-01-24 17:30:10.743 -05:00 [Information] Running from C:\Users\Administrator\Desktop\PT FEEDER
2018-01-24 17:30:10.779 -05:00 [Information] Checking for license information
2018-01-24 17:30:10.790 -05:00 [Information] Binance setup detected. Will create .properties files in C:\Users\Administrator\Desktop\Crypto Savvy Coins\trading
2018-01-24 17:30:11.808 -05:00 [Information] Running startup generation of database and pairs
2018-01-24 17:30:12.543 -05:00 [Information] Loading initial prices and candles from binance
2018-01-24 17:31:37.469 -05:00 [Information] 0 out of 103 pairs queried
2018-01-24 17:31:48.122 -05:00 [Information] 10 out of 103 pairs queried
2018-01-24 17:31:59.130 -05:00 [Information] 20 out of 103 pairs queried
2018-01-24 17:32:10.751 -05:00 [Information] 30 out of 103 pairs queried
2018-01-24 17:32:21.554 -05:00 [Information] 40 out of 103 pairs queried
2018-01-24 17:32:32.827 -05:00 [Information] 50 out of 103 pairs queried
2018-01-24 17:32:44.124 -05:00 [Information] 60 out of 103 pairs queried
2018-01-24 17:32:55.130 -05:00 [Information] 70 out of 103 pairs queried
2018-01-24 17:33:06.118 -05:00 [Information] 80 out of 103 pairs queried
2018-01-24 17:33:16.896 -05:00 [Information] 90 out of 103 pairs queried
2018-01-24 17:33:28.117 -05:00 [Information] 100 out of 103 pairs queried
2018-01-24 17:33:30.044 -05:00 [Information] All prices added to database
2018-01-24 17:33:30.049 -05:00 [Information] Scheduling market conditions to be checked every 5 minutes
2018-01-24 17:33:30.065 -05:00 [Information] Startup complete. Will generate pairs file on next run
2018-01-24 17:34:41.878 -05:00 [Information] Starting PT Feeder (no longer a mouthful)
2018-01-24 17:34:42.062 -05:00 [Information] Massive thanks to Elroy and team for Profit Trailer. https://github.com/taniman/profit-trailer
2018-01-24 17:34:42.064 -05:00 [Information] Running from C:\Users\Administrator\Desktop\PT FEEDER
2018-01-24 17:34:42.154 -05:00 [Information] Checking for license information
2018-01-24 17:34:42.166 -05:00 [Information] Binance setup detected. Will create .properties files in C:\Users\Administrator\Desktop\Crypto Savvy Coins\trading
2018-01-24 17:34:43.446 -05:00 [Information] Running startup generation of database and pairs
2018-01-24 17:34:44.102 -05:00 [Information] Loading initial prices and candles from binance
2018-01-24 17:36:03.207 -05:00 [Information] 0 out of 103 pairs queried
2018-01-24 17:36:14.245 -05:00 [Information] 10 out of 103 pairs queried
2018-01-24 17:36:25.233 -05:00 [Information] 20 out of 103 pairs queried
2018-01-24 17:36:36.022 -05:00 [Information] 30 out of 103 pairs queried
2018-01-24 17:36:47.319 -05:00 [Information] 40 out of 103 pairs queried
2018-01-24 17:36:58.629 -05:00 [Information] 50 out of 103 pairs queried
2018-01-24 17:37:09.443 -05:00 [Information] 60 out of 103 pairs queried
2018-01-24 17:37:20.049 -05:00 [Information] 70 out of 103 pairs queried
2018-01-24 17:37:30.755 -05:00 [Information] 80 out of 103 pairs queried
2018-01-24 17:37:44.378 -05:00 [Information] 90 out of 103 pairs queried
2018-01-24 17:37:57.730 -05:00 [Information] 100 out of 103 pairs queried
2018-01-24 17:37:59.951 -05:00 [Information] All prices added to database
2018-01-24 17:37:59.988 -05:00 [Information] Scheduling market conditions to be checked every 5 minutes
2018-01-24 17:38:00.053 -05:00 [Information] Startup complete. Will generate pairs file on next run
2018-01-24 17:43:01.174 -05:00 [Warning] Could not get all markets from Binance: -1003: Way too many requests; IP banned until 1516833894674. Please use the websocket for live updates to avoid bans.. Using an empty list. This probably won't work
2018-01-24 17:43:02.113 -05:00 [Information] Coins percentage change for the last 60 minutes is 0.2207%
2018-01-24 17:43:02.191 -05:00 [Information] BTC percentage change for the last 60 minutes is -0.6683%
2018-01-24 17:43:02.198 -05:00 [Information] USING CONFIG FROM: 03-boring
2018-01-24 17:43:02.252 -05:00 [Information] Reason: Coin trend is lower than 2.5%
2018-01-24 17:43:02.293 -05:00 [Information] 0 out of 102 pairs queried
2018-01-24 17:43:05.319 -05:00 [Information] 25 out of 102 pairs queried
2018-01-24 17:43:07.511 -05:00 [Information] 50 out of 102 pairs queried
2018-01-24 17:43:10.279 -05:00 [Information] 75 out of 102 pairs queried
2018-01-24 17:43:13.098 -05:00 [Information] 100 out of 102 pairs queried
2018-01-24 17:43:13.274 -05:00 [Information] PAIRS.properties file written to C:\Users\Administrator\Desktop\Crypto Savvy Coins\trading
2018-01-24 17:43:18.339 -05:00 [Information] DCA.properties file written to C:\Users\Administrator\Desktop\Crypto Savvy Coins\trading
2018-01-24 17:43:23.355 -05:00 [Information] INDICATORS.properties file written to C:\Users\Administrator\Desktop\Crypto Savvy Coins\trading
2018-01-24 17:43:24.017 -05:00 [Information] Telegram message sent
2018-01-24 17:43:24.020 -05:00 [Information] Next run scheduled for 5 mins
2018-01-24 17:48:39.366 -05:00 [Information] Starting PT Feeder (no longer a mouthful)
2018-01-24 17:48:39.451 -05:00 [Information] Massive thanks to Elroy and team for Profit Trailer. https://github.com/taniman/profit-trailer
2018-01-24 17:48:39.453 -05:00 [Information] Running from C:\Users\Administrator\Desktop\PT FEEDER
2018-01-24 17:48:39.530 -05:00 [Information] Checking for license information
2018-01-24 17:48:39.544 -05:00 [Information] Binance setup detected. Will create .properties files in C:\Users\Administrator\Desktop\Crypto Savvy Coins\trading
2018-01-24 17:48:41.097 -05:00 [Information] Running startup generation of database and pairs
2018-01-24 17:48:41.927 -05:00 [Information] Loading initial prices and candles from binance
2018-01-24 17:50:05.871 -05:00 [Information] 0 out of 103 pairs queried
2018-01-24 17:50:17.020 -05:00 [Information] 10 out of 103 pairs queried
2018-01-24 17:50:28.219 -05:00 [Information] 20 out of 103 pairs queried
2018-01-24 17:50:39.338 -05:00 [Information] 30 out of 103 pairs queried
2018-01-24 17:50:50.129 -05:00 [Information] 40 out of 103 pairs queried
2018-01-24 17:51:00.196 -05:00 [Information] 50 out of 103 pairs queried
2018-01-24 17:51:11.851 -05:00 [Information] 60 out of 103 pairs queried
2018-01-24 17:51:23.723 -05:00 [Information] 70 out of 103 pairs queried
2018-01-24 17:51:35.595 -05:00 [Information] 80 out of 103 pairs queried
2018-01-24 17:51:46.627 -05:00 [Information] 90 out of 103 pairs queried
2018-01-24 17:51:58.138 -05:00 [Information] 100 out of 103 pairs queried
2018-01-24 17:52:00.241 -05:00 [Information] All prices added to database
2018-01-24 17:52:00.250 -05:00 [Information] Scheduling market conditions to be checked every 5 minutes
2018-01-24 17:52:00.275 -05:00 [Information] Startup complete. Will generate pairs file on next run
2018-01-24 17:57:01.541 -05:00 [Warning] Could not get all markets from Binance: -1003: Way too many requests; IP banned until 1516834799503. Please use the websocket for live updates to avoid bans.. Using an empty list. This probably won't work
2018-01-24 17:57:02.163 -05:00 [Information] Coins percentage change for the last 60 minutes is -0.1197%
2018-01-24 17:57:02.165 -05:00 [Information] BTC percentage change for the last 60 minutes is -0.749%
2018-01-24 17:57:02.246 -05:00 [Information] USING CONFIG FROM: 03-boring
2018-01-24 17:57:02.249 -05:00 [Information] Reason: Coin trend is lower than 2.5%
2018-01-24 17:57:02.313 -05:00 [Information] 0 out of 102 pairs queried
2018-01-24 17:57:06.568 -05:00 [Information] 25 out of 102 pairs queried
2018-01-24 17:57:09.639 -05:00 [Information] 50 out of 102 pairs queried
2018-01-24 17:57:11.952 -05:00 [Information] 75 out of 102 pairs queried
2018-01-24 17:57:15.929 -05:00 [Information] 100 out of 102 pairs queried
2018-01-24 17:57:16.347 -05:00 [Information] PAIRS.properties file written to C:\Users\Administrator\Desktop\Crypto Savvy Coins\trading
2018-01-24 17:57:21.406 -05:00 [Information] DCA.properties file written to C:\Users\Administrator\Desktop\Crypto Savvy Coins\trading
2018-01-24 17:57:26.420 -05:00 [Information] INDICATORS.properties file written to C:\Users\Administrator\Desktop\Crypto Savvy Coins\trading
2018-01-24 17:57:29.252 -05:00 [Information] Telegram message sent
2018-01-24 17:57:29.258 -05:00 [Information] Next run scheduled for 5 mins
2018-01-24 18:02:30.539 -05:00 [Warning] Could not get all markets from Binance: -1003: Way too many requests; IP banned until 1516835279678. Please use the websocket for live updates to avoid bans.. Using an empty list. This probably won't work
2018-01-24 18:02:30.913 -05:00 [Information] Coins percentage change for the last 60 minutes is -0.0659%
2018-01-24 18:02:30.914 -05:00 [Information] BTC percentage change for the last 60 minutes is -0.6071%
2018-01-24 18:02:30.915 -05:00 [Information] Market condition is still 03-boring
2018-01-24 18:02:30.916 -05:00 [Information] Next run scheduled for 5 mins
2018-01-24 18:08:05.259 -05:00 [Information] Starting PT Feeder (no longer a mouthful)
2018-01-24 18:08:05.445 -05:00 [Information] Massive thanks to Elroy and team for Profit Trailer. https://github.com/taniman/profit-trailer
2018-01-24 18:08:05.446 -05:00 [Information] Running from C:\Users\Administrator\Desktop\PT FEEDER
2018-01-24 18:08:05.486 -05:00 [Information] Checking for license information
2018-01-24 18:08:05.528 -05:00 [Information] Binance setup detected. Will create .properties files in C:\Users\Administrator\Desktop\Crypto Savvy Coins\trading
2018-01-24 18:08:06.598 -05:00 [Information] Running startup generation of database and pairs
2018-01-24 18:08:07.243 -05:00 [Information] Loading initial prices and candles from binance
2018-01-24 18:09:35.765 -05:00 [Information] 0 out of 103 pairs queried
2018-01-24 18:09:50.360 -05:00 [Information] 10 out of 103 pairs queried
2018-01-24 18:10:05.136 -05:00 [Information] 20 out of 103 pairs queried
2018-01-24 18:10:19.787 -05:00 [Information] 30 out of 103 pairs queried
2018-01-24 18:10:34.946 -05:00 [Information] 40 out of 103 pairs queried
2018-01-24 18:10:49.843 -05:00 [Information] 50 out of 103 pairs queried
2018-01-24 18:11:03.949 -05:00 [Information] 60 out of 103 pairs queried
2018-01-24 18:11:18.463 -05:00 [Information] 70 out of 103 pairs queried
2018-01-24 18:11:33.023 -05:00 [Information] 80 out of 103 pairs queried
2018-01-24 18:11:48.633 -05:00 [Information] 90 out of 103 pairs queried
2018-01-24 18:12:01.590 -05:00 [Information] 100 out of 103 pairs queried
2018-01-24 18:12:03.749 -05:00 [Information] All prices added to database
2018-01-24 18:12:03.756 -05:00 [Information] Scheduling market conditions to be checked every 5 minutes
2018-01-24 18:12:03.868 -05:00 [Information] Startup complete. Will generate pairs file on next run
2018-01-24 18:17:04.974 -05:00 [Warning] Could not get all markets from Binance: -1003: Way too many requests; IP banned until 1516836228570. Please use the websocket for live updates to avoid bans.. Using an empty list. This probably won't work
2018-01-24 18:17:08.043 -05:00 [Information] Coins percentage change for the last 60 minutes is -0.1588%
2018-01-24 18:17:08.046 -05:00 [Information] BTC percentage change for the last 60 minutes is -0.7431%
2018-01-24 18:17:08.052 -05:00 [Information] USING CONFIG FROM: 03-boring
2018-01-24 18:17:08.053 -05:00 [Information] Reason: Coin trend is lower than 2.5%
2018-01-24 18:17:08.206 -05:00 [Information] 0 out of 102 pairs queried
2018-01-24 18:17:11.710 -05:00 [Information] 25 out of 102 pairs queried
2018-01-24 18:17:14.806 -05:00 [Information] 50 out of 102 pairs queried
2018-01-24 18:17:18.663 -05:00 [Information] 75 out of 102 pairs queried
2018-01-24 18:17:21.980 -05:00 [Information] 100 out of 102 pairs queried
2018-01-24 18:17:22.555 -05:00 [Information] PAIRS.properties file written to C:\Users\Administrator\Desktop\Crypto Savvy Coins\trading
2018-01-24 18:17:27.639 -05:00 [Information] DCA.properties file written to C:\Users\Administrator\Desktop\Crypto Savvy Coins\trading
2018-01-24 18:17:32.647 -05:00 [Information] INDICATORS.properties file written to C:\Users\Administrator\Desktop\Crypto Savvy Coins\trading
2018-01-24 18:17:37.891 -05:00 [Information] Telegram message sent
2018-01-24 18:17:37.932 -05:00 [Information] Next run scheduled for 5 mins
2018-01-24 18:19:30.041 -05:00 [Information] Starting PT Feeder (no longer a mouthful)
2018-01-24 18:19:30.202 -05:00 [Information] Massive thanks to Elroy and team for Profit Trailer. https://github.com/taniman/profit-trailer
2018-01-24 18:19:30.251 -05:00 [Information] Running from C:\Users\Administrator\Desktop\PT FEEDER
2018-01-24 18:19:30.278 -05:00 [Information] Checking for license information
2018-01-24 18:19:30.288 -05:00 [Information] Binance setup detected. Will create .properties files in C:\Users\Administrator\Desktop\Crypto Savvy Coins\trading
2018-01-24 18:19:31.658 -05:00 [Information] Running startup generation of database and pairs
2018-01-24 18:19:32.275 -05:00 [Information] Loading initial prices and candles from binance
2018-01-24 18:19:33.233 -05:00 [Warning] Could not get all markets from Binance: -1003: Way too many requests; IP banned until 1516836228570. Please use the websocket for live updates to avoid bans.. Using an empty list. This probably won't work
2018-01-24 18:19:33.250 -05:00 [Information] All prices added to database
2018-01-24 18:19:33.256 -05:00 [Information] Scheduling market conditions to be checked every 5 minutes
2018-01-24 18:19:33.298 -05:00 [Information] Startup complete. Will generate pairs file on next run
2018-01-24 18:23:00.642 -05:00 [Information] Starting PT Feeder (no longer a mouthful)
2018-01-24 18:23:00.739 -05:00 [Information] Massive thanks to Elroy and team for Profit Trailer. https://github.com/taniman/profit-trailer
2018-01-24 18:23:00.745 -05:00 [Information] Running from C:\Users\Administrator\Desktop\PT FEEDER
2018-01-24 18:23:00.777 -05:00 [Information] Checking for license information
2018-01-24 18:23:00.791 -05:00 [Information] Binance setup detected. Will create .properties files in C:\Users\Administrator\Desktop\Crypto Savvy Coins\trading
2018-01-24 18:23:02.210 -05:00 [Information] Running startup generation of database and pairs
2018-01-24 18:23:02.844 -05:00 [Information] Loading initial prices and candles from binance
2018-01-24 18:23:03.628 -05:00 [Warning] Could not get all markets from Binance: -1003: Way too many requests; IP banned until 1516836228570. Please use the websocket for live updates to avoid bans.. Using an empty list. This probably won't work
2018-01-24 18:23:03.646 -05:00 [Information] All prices added to database
2018-01-24 18:23:03.652 -05:00 [Information] Scheduling market conditions to be checked every 5 minutes
2018-01-24 18:23:03.675 -05:00 [Information] Startup complete. Will generate pairs file on next run
2018-01-24 18:30:55.305 -05:00 [Information] Starting PT Feeder (no longer a mouthful)
2018-01-24 18:30:55.746 -05:00 [Information] Massive thanks to Elroy and team for Profit Trailer. https://github.com/taniman/profit-trailer
2018-01-24 18:30:55.748 -05:00 [Information] Running from C:\Users\Administrator\Desktop\PT FEEDER
2018-01-24 18:30:55.844 -05:00 [Information] Checking for license information
2018-01-24 18:30:55.873 -05:00 [Information] Binance setup detected. Will create .properties files in C:\Users\Administrator\Desktop\Crypto Savvy Coins\trading
2018-01-24 18:30:57.355 -05:00 [Information] Running startup generation of database and pairs
2018-01-24 18:30:58.276 -05:00 [Information] Loading initial prices and candles from binance
2018-01-24 18:32:30.653 -05:00 [Information] 0 out of 103 pairs queried
2018-01-24 18:32:41.828 -05:00 [Information] 10 out of 103 pairs queried
2018-01-24 18:32:52.834 -05:00 [Information] 20 out of 103 pairs queried
2018-01-24 18:33:04.448 -05:00 [Information] 30 out of 103 pairs queried
2018-01-24 18:33:16.255 -05:00 [Information] 40 out of 103 pairs queried
2018-01-24 18:33:27.930 -05:00 [Information] 50 out of 103 pairs queried
2018-01-24 18:33:39.738 -05:00 [Information] 60 out of 103 pairs queried
2018-01-24 18:33:53.938 -05:00 [Information] 70 out of 103 pairs queried
2018-01-24 18:34:08.216 -05:00 [Information] 80 out of 103 pairs queried
2018-01-24 18:34:23.059 -05:00 [Information] 90 out of 103 pairs queried
2018-01-24 18:34:37.935 -05:00 [Information] 100 out of 103 pairs queried
2018-01-24 18:34:39.630 -05:00 [Information] All prices added to database
2018-01-24 18:34:39.636 -05:00 [Information] Scheduling market conditions to be checked every 5 minutes
2018-01-24 18:34:39.650 -05:00 [Information] Startup complete. Will generate pairs file on next run
2018-01-24 18:40:59.655 -05:00 [Information] Coins percentage change for the last 60 minutes is 0.0156%
2018-01-24 18:40:59.669 -05:00 [Information] BTC percentage change for the last 60 minutes is 0.945%
2018-01-24 18:40:59.675 -05:00 [Information] USING CONFIG FROM: 03-boring
2018-01-24 18:40:59.702 -05:00 [Information] Reason: Coin trend is lower than 2.5%
2018-01-24 18:40:59.755 -05:00 [Information] 0 out of 102 pairs queried
2018-01-24 18:41:03.204 -05:00 [Information] 25 out of 102 pairs queried
2018-01-24 18:41:06.036 -05:00 [Information] 50 out of 102 pairs queried
2018-01-24 18:41:08.688 -05:00 [Information] 75 out of 102 pairs queried
2018-01-24 18:41:10.804 -05:00 [Information] 100 out of 102 pairs queried
2018-01-24 18:41:11.105 -05:00 [Information] PAIRS.properties file written to C:\Users\Administrator\Desktop\Crypto Savvy Coins\trading
2018-01-24 18:41:16.134 -05:00 [Information] DCA.properties file written to C:\Users\Administrator\Desktop\Crypto Savvy Coins\trading
2018-01-24 18:41:21.142 -05:00 [Information] INDICATORS.properties file written to C:\Users\Administrator\Desktop\Crypto Savvy Coins\trading
2018-01-24 18:41:21.937 -05:00 [Information] Telegram message sent
2018-01-24 18:41:21.942 -05:00 [Information] Next run scheduled for 5 mins
2018-01-24 18:47:40.952 -05:00 [Information] Coins percentage change for the last 60 minutes is 0.0079%
2018-01-24 18:47:41.028 -05:00 [Information] BTC percentage change for the last 60 minutes is 0.5493%
2018-01-24 18:47:41.034 -05:00 [Information] Market condition is still 03-boring
2018-01-24 18:47:41.036 -05:00 [Information] Next run scheduled for 5 mins
2018-01-24 18:54:03.260 -05:00 [Information] Coins percentage change for the last 60 minutes is -0.124%
2018-01-24 18:54:03.332 -05:00 [Information] BTC percentage change for the last 60 minutes is 1.3739%
2018-01-24 18:54:03.334 -05:00 [Information] Market condition is still 03-boring
2018-01-24 18:54:03.336 -05:00 [Information] Next run scheduled for 5 mins
2018-01-24 19:00:24.634 -05:00 [Information] Coins percentage change for the last 60 minutes is -0.2231%
2018-01-24 19:00:24.638 -05:00 [Information] BTC percentage change for the last 60 minutes is 1.6122%
2018-01-24 19:00:24.639 -05:00 [Information] Market condition is still 03-boring
2018-01-24 19:00:24.640 -05:00 [Information] Next run scheduled for 5 mins
2018-01-24 19:06:49.231 -05:00 [Information] Coins percentage change for the last 60 minutes is -0.1894%
2018-01-24 19:06:49.235 -05:00 [Information] BTC percentage change for the last 60 minutes is 2.0054%
2018-01-24 19:06:49.235 -05:00 [Information] Market condition is still 03-boring
2018-01-24 19:06:49.236 -05:00 [Information] Next run scheduled for 5 mins
2018-01-24 19:13:12.467 -05:00 [Information] Coins percentage change for the last 60 minutes is -0.1296%
2018-01-24 19:13:12.557 -05:00 [Information] BTC percentage change for the last 60 minutes is 1.5701%
2018-01-24 19:13:12.558 -05:00 [Information] Market condition is still 03-boring
2018-01-24 19:13:12.559 -05:00 [Information] Regenrating properties files.
2018-01-24 19:13:12.585 -05:00 [Information] 0 out of 102 pairs queried
2018-01-24 19:13:15.427 -05:00 [Information] 25 out of 102 pairs queried
2018-01-24 19:13:18.403 -05:00 [Information] 50 out of 102 pairs queried
2018-01-24 19:13:21.019 -05:00 [Information] 75 out of 102 pairs queried
2018-01-24 19:13:23.918 -05:00 [Information] 100 out of 102 pairs queried
2018-01-24 19:13:24.251 -05:00 [Information] PAIRS.properties file written to C:\Users\Administrator\Desktop\Crypto Savvy Coins\trading
2018-01-24 19:13:29.260 -05:00 [Information] DCA.properties file written to C:\Users\Administrator\Desktop\Crypto Savvy Coins\trading
2018-01-24 19:13:34.328 -05:00 [Information] INDICATORS.properties file written to C:\Users\Administrator\Desktop\Crypto Savvy Coins\trading
2018-01-24 19:13:34.331 -05:00 [Information] Next run scheduled for 5 mins
2018-01-24 19:19:55.619 -05:00 [Information] Coins percentage change for the last 60 minutes is 0.1248%
2018-01-24 19:19:55.623 -05:00 [Information] BTC percentage change for the last 60 minutes is 1.9398%
2018-01-24 19:19:55.624 -05:00 [Information] Market condition is still 03-boring
2018-01-24 19:19:55.625 -05:00 [Information] Next run scheduled for 5 mins
2018-01-24 19:26:19.122 -05:00 [Information] Coins percentage change for the last 60 minutes is 0.1531%
2018-01-24 19:26:19.125 -05:00 [Information] BTC percentage change for the last 60 minutes is 1.3781%
2018-01-24 19:26:19.126 -05:00 [Information] Market condition is still 03-boring
2018-01-24 19:26:19.127 -05:00 [Information] Next run scheduled for 5 mins
2018-01-24 19:32:43.426 -05:00 [Information] Coins percentage change for the last 60 minutes is 0.1905%
2018-01-24 19:32:43.430 -05:00 [Information] BTC percentage change for the last 60 minutes is 1.0709%
2018-01-24 19:32:43.435 -05:00 [Information] Market condition is still 03-boring
2018-01-24 19:32:43.441 -05:00 [Information] Next run scheduled for 5 mins
2018-01-24 19:39:04.721 -05:00 [Information] Coins percentage change for the last 60 minutes is 0.3463%
2018-01-24 19:39:04.733 -05:00 [Information] BTC percentage change for the last 60 minutes is 0.7932%
2018-01-24 19:39:04.735 -05:00 [Information] Market condition is still 03-boring
2018-01-24 19:39:04.737 -05:00 [Information] Next run scheduled for 5 mins
2018-01-24 19:45:26.758 -05:00 [Information] Coins percentage change for the last 60 minutes is 0.3001%
2018-01-24 19:45:26.771 -05:00 [Information] BTC percentage change for the last 60 minutes is 0.4732%
2018-01-24 19:45:26.773 -05:00 [Information] Market condition is still 03-boring
2018-01-24 19:45:26.775 -05:00 [Information] Regenrating properties files.
2018-01-24 19:45:26.782 -05:00 [Information] 0 out of 102 pairs queried
2018-01-24 19:45:29.491 -05:00 [Information] 25 out of 102 pairs queried
2018-01-24 19:45:31.277 -05:00 [Information] 50 out of 102 pairs queried
2018-01-24 19:45:33.272 -05:00 [Information] 75 out of 102 pairs queried
2018-01-24 19:45:35.667 -05:00 [Information] 100 out of 102 pairs queried
2018-01-24 19:45:36.368 -05:00 [Information] PAIRS.properties file written to C:\Users\Administrator\Desktop\Crypto Savvy Coins\trading
2018-01-24 19:45:41.505 -05:00 [Information] DCA.properties file written to C:\Users\Administrator\Desktop\Crypto Savvy Coins\trading
2018-01-24 19:45:46.549 -05:00 [Information] INDICATORS.properties file written to C:\Users\Administrator\Desktop\Crypto Savvy Coins\trading
2018-01-24 19:45:46.583 -05:00 [Information] Next run scheduled for 5 mins
2018-01-24 19:52:09.953 -05:00 [Information] Coins percentage change for the last 60 minutes is 0.3596%
2018-01-24 19:52:09.960 -05:00 [Information] BTC percentage change for the last 60 minutes is -0.7444%
2018-01-24 19:52:09.963 -05:00 [Information] Market condition is still 03-boring
2018-01-24 19:52:09.965 -05:00 [Information] Next run scheduled for 5 mins
2018-01-24 19:58:32.347 -05:00 [Information] Coins percentage change for the last 60 minutes is 0.659%
2018-01-24 19:58:32.351 -05:00 [Information] BTC percentage change for the last 60 minutes is -0.4565%
2018-01-24 19:58:32.360 -05:00 [Information] Market condition is still 03-boring
2018-01-24 19:58:32.364 -05:00 [Information] Next run scheduled for 5 mins
2018-01-24 20:04:53.357 -05:00 [Information] Coins percentage change for the last 60 minutes is 0.5615%
2018-01-24 20:04:53.362 -05:00 [Information] BTC percentage change for the last 60 minutes is 0.141%
2018-01-24 20:04:53.367 -05:00 [Information] Market condition is still 03-boring
2018-01-24 20:04:53.369 -05:00 [Information] Next run scheduled for 5 mins
2018-01-24 20:11:19.467 -05:00 [Information] Coins percentage change for the last 60 minutes is 0.5692%
2018-01-24 20:11:19.509 -05:00 [Information] BTC percentage change for the last 60 minutes is -0.2205%
2018-01-24 20:11:19.511 -05:00 [Information] Market condition is still 03-boring
2018-01-24 20:11:19.512 -05:00 [Information] Next run scheduled for 5 mins
2018-01-24 20:17:42.235 -05:00 [Information] Coins percentage change for the last 60 minutes is 0.7705%
2018-01-24 20:17:42.238 -05:00 [Information] BTC percentage change for the last 60 minutes is 0.1669%
2018-01-24 20:17:42.240 -05:00 [Information] Market condition is still 03-boring
2018-01-24 20:17:42.242 -05:00 [Information] Regenrating properties files.
2018-01-24 20:17:42.250 -05:00 [Information] 0 out of 102 pairs queried
2018-01-24 20:17:44.972 -05:00 [Information] 25 out of 102 pairs queried
2018-01-24 20:17:47.384 -05:00 [Information] 50 out of 102 pairs queried
2018-01-24 20:17:50.130 -05:00 [Information] 75 out of 102 pairs queried
2018-01-24 20:17:52.832 -05:00 [Information] 100 out of 102 pairs queried
2018-01-24 20:17:53.119 -05:00 [Information] PAIRS.properties file written to C:\Users\Administrator\Desktop\Crypto Savvy Coins\trading
2018-01-24 20:17:58.141 -05:00 [Information] DCA.properties file written to C:\Users\Administrator\Desktop\Crypto Savvy Coins\trading
2018-01-24 20:18:03.147 -05:00 [Information] INDICATORS.properties file written to C:\Users\Administrator\Desktop\Crypto Savvy Coins\trading
2018-01-24 20:18:03.150 -05:00 [Information] Next run scheduled for 5 mins
2018-01-24 20:24:25.771 -05:00 [Information] Coins percentage change for the last 60 minutes is 0.6463%
2018-01-24 20:24:25.783 -05:00 [Information] BTC percentage change for the last 60 minutes is 0.4396%
2018-01-24 20:24:25.789 -05:00 [Information] Market condition is still 03-boring
2018-01-24 20:24:25.795 -05:00 [Information] Next run scheduled for 5 mins
2018-01-24 20:30:46.532 -05:00 [Information] Coins percentage change for the last 60 minutes is 0.6282%
2018-01-24 20:30:46.551 -05:00 [Information] BTC percentage change for the last 60 minutes is 1.0972%
2018-01-24 20:30:46.586 -05:00 [Information] Market condition is still 03-boring
2018-01-24 20:30:46.591 -05:00 [Information] Next run scheduled for 5 mins
2018-01-24 20:37:08.640 -05:00 [Information] Coins percentage change for the last 60 minutes is 0.344%
2018-01-24 20:37:08.643 -05:00 [Information] BTC percentage change for the last 60 minutes is 0.7063%
2018-01-24 20:37:08.645 -05:00 [Information] Market condition is still 03-boring
2018-01-24 20:37:08.646 -05:00 [Information] Next run scheduled for 5 mins
2018-01-24 20:43:31.551 -05:00 [Information] Coins percentage change for the last 60 minutes is 0.4433%
2018-01-24 20:43:31.554 -05:00 [Information] BTC percentage change for the last 60 minutes is 0.4051%
2018-01-24 20:43:31.555 -05:00 [Information] Market condition is still 03-boring
2018-01-24 20:43:31.555 -05:00 [Information] Next run scheduled for 5 mins
2018-01-24 20:49:53.140 -05:00 [Information] Coins percentage change for the last 60 minutes is 0.4152%
2018-01-24 20:49:53.145 -05:00 [Information] BTC percentage change for the last 60 minutes is 0.0884%
2018-01-24 20:49:53.146 -05:00 [Information] Market condition is still 03-boring
2018-01-24 20:49:53.147 -05:00 [Information] Regenrating properties files.
2018-01-24 20:49:53.158 -05:00 [Information] 0 out of 102 pairs queried
2018-01-24 20:49:56.394 -05:00 [Information] 25 out of 102 pairs queried
2018-01-24 20:49:59.154 -05:00 [Information] 50 out of 102 pairs queried
2018-01-24 20:50:01.123 -05:00 [Information] 75 out of 102 pairs queried
2018-01-24 20:50:03.573 -05:00 [Information] 100 out of 102 pairs queried
2018-01-24 20:50:03.916 -05:00 [Information] PAIRS.properties file written to C:\Users\Administrator\Desktop\Crypto Savvy Coins\trading
2018-01-24 20:50:08.951 -05:00 [Information] DCA.properties file written to C:\Users\Administrator\Desktop\Crypto Savvy Coins\trading
2018-01-24 20:50:13.959 -05:00 [Information] INDICATORS.properties file written to C:\Users\Administrator\Desktop\Crypto Savvy Coins\trading
2018-01-24 20:50:13.963 -05:00 [Information] Next run scheduled for 5 mins
2018-01-24 20:56:36.059 -05:00 [Information] Coins percentage change for the last 60 minutes is 0.2053%
2018-01-24 20:56:36.063 -05:00 [Information] BTC percentage change for the last 60 minutes is -0.0532%
2018-01-24 20:56:36.064 -05:00 [Information] Market condition is still 03-boring
2018-01-24 20:56:36.065 -05:00 [Information] Next run scheduled for 5 mins
2018-01-24 21:02:56.843 -05:00 [Information] Coins percentage change for the last 60 minutes is 0.1904%
2018-01-24 21:02:56.847 -05:00 [Information] BTC percentage change for the last 60 minutes is -0.2648%
2018-01-24 21:02:56.848 -05:00 [Information] Market condition is still 03-boring
2018-01-24 21:02:56.850 -05:00 [Information] Next run scheduled for 5 mins
2018-01-24 21:09:19.218 -05:00 [Information] Coins percentage change for the last 60 minutes is 0.1357%
2018-01-24 21:09:19.222 -05:00 [Information] BTC percentage change for the last 60 minutes is 0.1496%
2018-01-24 21:09:19.224 -05:00 [Information] Market condition is still 03-boring
2018-01-24 21:09:19.226 -05:00 [Information] Next run scheduled for 5 mins
2018-01-24 21:15:38.745 -05:00 [Information] Coins percentage change for the last 60 minutes is -0.0217%
2018-01-24 21:15:38.748 -05:00 [Information] BTC percentage change for the last 60 minutes is -0.2636%
2018-01-24 21:15:38.753 -05:00 [Information] Market condition is still 03-boring
2018-01-24 21:15:38.755 -05:00 [Information] Next run scheduled for 5 mins
2018-01-24 21:22:01.628 -05:00 [Information] Coins percentage change for the last 60 minutes is -0.0955%
2018-01-24 21:22:01.632 -05:00 [Information] BTC percentage change for the last 60 minutes is -0.5614%
2018-01-24 21:22:01.633 -05:00 [Information] Market condition is still 03-boring
2018-01-24 21:22:01.635 -05:00 [Information] Regenrating properties files.
2018-01-24 21:22:01.647 -05:00 [Information] 0 out of 102 pairs queried
2018-01-24 21:22:04.298 -05:00 [Information] 25 out of 102 pairs queried
2018-01-24 21:22:07.044 -05:00 [Information] 50 out of 102 pairs queried
2018-01-24 21:22:09.848 -05:00 [Information] 75 out of 102 pairs queried
2018-01-24 21:22:13.246 -05:00 [Information] 100 out of 102 pairs queried
2018-01-24 21:22:13.476 -05:00 [Information] PAIRS.properties file written to C:\Users\Administrator\Desktop\Crypto Savvy Coins\trading
2018-01-24 21:22:18.535 -05:00 [Information] DCA.properties file written to C:\Users\Administrator\Desktop\Crypto Savvy Coins\trading
2018-01-24 21:22:23.551 -05:00 [Information] INDICATORS.properties file written to C:\Users\Administrator\Desktop\Crypto Savvy Coins\trading
2018-01-24 21:22:23.554 -05:00 [Information] Next run scheduled for 5 mins
2018-01-24 21:28:44.372 -05:00 [Information] Coins percentage change for the last 60 minutes is -0.0796%
2018-01-24 21:28:44.429 -05:00 [Information] BTC percentage change for the last 60 minutes is -0.2363%
2018-01-24 21:28:44.430 -05:00 [Information] Market condition is still 03-boring
2018-01-24 21:28:44.431 -05:00 [Information] Next run scheduled for 5 mins
2018-01-24 21:35:08.275 -05:00 [Information] Coins percentage change for the last 60 minutes is 0.0046%
2018-01-24 21:35:08.313 -05:00 [Information] BTC percentage change for the last 60 minutes is 0.1932%
2018-01-24 21:35:08.314 -05:00 [Information] Market condition is still 03-boring
2018-01-24 21:35:08.315 -05:00 [Information] Next run scheduled for 5 mins
2018-01-24 21:41:31.441 -05:00 [Information] Coins percentage change for the last 60 minutes is -0.0804%
2018-01-24 21:41:31.443 -05:00 [Information] BTC percentage change for the last 60 minutes is 1.1063%
2018-01-24 21:41:31.444 -05:00 [Information] Market condition is still 03-boring
2018-01-24 21:41:31.445 -05:00 [Information] Next run scheduled for 5 mins
2018-01-24 21:47:51.110 -05:00 [Information] Coins percentage change for the last 60 minutes is -0.061%
2018-01-24 21:47:51.142 -05:00 [Information] BTC percentage change for the last 60 minutes is 2.2387%
2018-01-24 21:47:51.145 -05:00 [Information] Market condition is still 03-boring
2018-01-24 21:47:51.147 -05:00 [Information] Next run scheduled for 5 mins
2018-01-24 21:54:11.750 -05:00 [Information] Coins percentage change for the last 60 minutes is -0.0801%
2018-01-24 21:54:11.755 -05:00 [Information] BTC percentage change for the last 60 minutes is 1.4836%
2018-01-24 21:54:11.770 -05:00 [Information] Market condition is still 03-boring
2018-01-24 21:54:11.772 -05:00 [Information] Regenrating properties files.
2018-01-24 21:54:11.792 -05:00 [Information] 0 out of 102 pairs queried
2018-01-24 21:54:14.433 -05:00 [Information] 25 out of 102 pairs queried
2018-01-24 21:54:17.026 -05:00 [Information] 50 out of 102 pairs queried
2018-01-24 21:54:19.928 -05:00 [Information] 75 out of 102 pairs queried
2018-01-24 21:54:22.630 -05:00 [Information] 100 out of 102 pairs queried
2018-01-24 21:54:22.985 -05:00 [Information] PAIRS.properties file written to C:\Users\Administrator\Desktop\Crypto Savvy Coins\trading
2018-01-24 21:54:28.036 -05:00 [Information] DCA.properties file written to C:\Users\Administrator\Desktop\Crypto Savvy Coins\trading
2018-01-24 21:54:33.048 -05:00 [Information] INDICATORS.properties file written to C:\Users\Administrator\Desktop\Crypto Savvy Coins\trading
2018-01-24 21:54:33.050 -05:00 [Information] Next run scheduled for 5 mins
2018-01-24 22:00:55.223 -05:00 [Information] Coins percentage change for the last 60 minutes is 0.1542%
2018-01-24 22:00:55.228 -05:00 [Information] BTC percentage change for the last 60 minutes is 1.5746%
2018-01-24 22:00:55.231 -05:00 [Information] Market condition is still 03-boring
2018-01-24 22:00:55.233 -05:00 [Information] Next run scheduled for 5 mins
2018-01-24 22:07:18.432 -05:00 [Information] Coins percentage change for the last 60 minutes is 0.2158%
2018-01-24 22:07:18.434 -05:00 [Information] BTC percentage change for the last 60 minutes is 1.3456%
2018-01-24 22:07:18.437 -05:00 [Information] Market condition is still 03-boring
2018-01-24 22:07:18.439 -05:00 [Information] Next run scheduled for 5 mins
2018-01-24 22:13:41.156 -05:00 [Information] Coins percentage change for the last 60 minutes is 0.1616%
2018-01-24 22:13:41.172 -05:00 [Information] BTC percentage change for the last 60 minutes is 1.0997%
2018-01-24 22:13:41.182 -05:00 [Information] Market condition is still 03-boring
2018-01-24 22:13:41.185 -05:00 [Information] Next run scheduled for 5 mins
2018-01-24 22:20:02.459 -05:00 [Information] Coins percentage change for the last 60 minutes is 0.1764%
2018-01-24 22:20:02.474 -05:00 [Information] BTC percentage change for the last 60 minutes is 1.0872%
2018-01-24 22:20:02.483 -05:00 [Information] Market condition is still 03-boring
2018-01-24 22:20:02.490 -05:00 [Information] Next run scheduled for 5 mins
2018-01-24 22:26:24.147 -05:00 [Information] Coins percentage change for the last 60 minutes is 0.1151%
2018-01-24 22:26:24.151 -05:00 [Information] BTC percentage change for the last 60 minutes is 1.4133%
2018-01-24 22:26:24.153 -05:00 [Information] Market condition is still 03-boring
2018-01-24 22:26:24.169 -05:00 [Information] Regenrating properties files.
2018-01-24 22:26:24.235 -05:00 [Information] 0 out of 102 pairs queried
2018-01-24 22:26:26.712 -05:00 [Information] 25 out of 102 pairs queried
2018-01-24 22:26:29.152 -05:00 [Information] 50 out of 102 pairs queried
2018-01-24 22:26:31.449 -05:00 [Information] 75 out of 102 pairs queried
2018-01-24 22:26:34.167 -05:00 [Information] 100 out of 102 pairs queried
2018-01-24 22:26:34.344 -05:00 [Information] PAIRS.properties file written to C:\Users\Administrator\Desktop\Crypto Savvy Coins\trading
2018-01-24 22:26:39.383 -05:00 [Information] DCA.properties file written to C:\Users\Administrator\Desktop\Crypto Savvy Coins\trading
2018-01-24 22:26:44.419 -05:00 [Information] INDICATORS.properties file written to C:\Users\Administrator\Desktop\Crypto Savvy Coins\trading
2018-01-24 22:26:44.424 -05:00 [Information] Next run scheduled for 5 mins
2018-01-24 22:33:08.019 -05:00 [Information] Coins percentage change for the last 60 minutes is 0.0407%
2018-01-24 22:33:08.023 -05:00 [Information] BTC percentage change for the last 60 minutes is 1.5773%
2018-01-24 22:33:08.026 -05:00 [Information] Market condition is still 03-boring
2018-01-24 22:33:08.027 -05:00 [Information] Next run scheduled for 5 mins
2018-01-24 22:39:30.453 -05:00 [Information] Coins percentage change for the last 60 minutes is 0.1942%
2018-01-24 22:39:30.470 -05:00 [Information] BTC percentage change for the last 60 minutes is 0.5842%
2018-01-24 22:39:30.473 -05:00 [Information] Market condition is still 03-boring
2018-01-24 22:39:30.510 -05:00 [Information] Next run scheduled for 5 mins
2018-01-24 22:45:54.046 -05:00 [Information] Coins percentage change for the last 60 minutes is 0.1713%
2018-01-24 22:45:54.051 -05:00 [Information] BTC percentage change for the last 60 minutes is 0.0604%
2018-01-24 22:45:54.055 -05:00 [Information] Market condition is still 03-boring
2018-01-24 22:45:54.090 -05:00 [Information] Next run scheduled for 5 mins
2018-01-24 22:52:13.247 -05:00 [Information] Coins percentage change for the last 60 minutes is 0.2242%
2018-01-24 22:52:13.250 -05:00 [Information] BTC percentage change for the last 60 minutes is 1.0822%
2018-01-24 22:52:13.254 -05:00 [Information] Market condition is still 03-boring
2018-01-24 22:52:13.268 -05:00 [Information] Next run scheduled for 5 mins
2018-01-24 22:58:35.354 -05:00 [Information] Coins percentage change for the last 60 minutes is 0.1265%
2018-01-24 22:58:35.360 -05:00 [Information] BTC percentage change for the last 60 minutes is 0.8067%
2018-01-24 22:58:35.366 -05:00 [Information] Market condition is still 03-boring
2018-01-24 22:58:35.374 -05:00 [Information] Regenrating properties files.
2018-01-24 22:58:35.381 -05:00 [Information] 0 out of 102 pairs queried
2018-01-24 22:58:37.975 -05:00 [Information] 25 out of 102 pairs queried
2018-01-24 22:58:40.830 -05:00 [Information] 50 out of 102 pairs queried
2018-01-24 22:58:43.389 -05:00 [Information] 75 out of 102 pairs queried
2018-01-24 22:58:45.930 -05:00 [Information] 100 out of 102 pairs queried
2018-01-24 22:58:46.131 -05:00 [Information] PAIRS.properties file written to C:\Users\Administrator\Desktop\Crypto Savvy Coins\trading
2018-01-24 22:58:51.144 -05:00 [Information] DCA.properties file written to C:\Users\Administrator\Desktop\Crypto Savvy Coins\trading
2018-01-24 22:58:56.154 -05:00 [Information] INDICATORS.properties file written to C:\Users\Administrator\Desktop\Crypto Savvy Coins\trading
2018-01-24 22:58:56.160 -05:00 [Information] Next run scheduled for 5 mins
2018-01-24 23:05:17.815 -05:00 [Information] Coins percentage change for the last 60 minutes is 0.0344%
2018-01-24 23:05:17.817 -05:00 [Information] BTC percentage change for the last 60 minutes is 0.6174%
2018-01-24 23:05:17.820 -05:00 [Information] Market condition is still 03-boring
2018-01-24 23:05:17.821 -05:00 [Information] Next run scheduled for 5 mins
2018-01-24 23:11:41.743 -05:00 [Information] Coins percentage change for the last 60 minutes is 0.1546%
2018-01-24 23:11:41.746 -05:00 [Information] BTC percentage change for the last 60 minutes is 0.4175%
2018-01-24 23:11:41.749 -05:00 [Information] Market condition is still 03-boring
2018-01-24 23:11:41.751 -05:00 [Information] Next run scheduled for 5 mins
2018-01-24 23:18:06.946 -05:00 [Information] Coins percentage change for the last 60 minutes is 0.1795%
2018-01-24 23:18:06.949 -05:00 [Information] BTC percentage change for the last 60 minutes is 0.33%
2018-01-24 23:18:06.952 -05:00 [Information] Market condition is still 03-boring
2018-01-24 23:18:06.953 -05:00 [Information] Next run scheduled for 5 mins
2018-01-24 23:24:31.814 -05:00 [Information] Coins percentage change for the last 60 minutes is 0.0828%
2018-01-24 23:24:31.817 -05:00 [Information] BTC percentage change for the last 60 minutes is -0.5806%
2018-01-24 23:24:31.819 -05:00 [Information] Market condition is still 03-boring
2018-01-24 23:24:31.821 -05:00 [Information] Next run scheduled for 5 mins
2018-01-24 23:30:53.119 -05:00 [Information] Coins percentage change for the last 60 minutes is 0.1345%
2018-01-24 23:30:53.124 -05:00 [Information] BTC percentage change for the last 60 minutes is -1.4586%
2018-01-24 23:30:53.128 -05:00 [Information] Market condition is still 03-boring
2018-01-24 23:30:53.130 -05:00 [Information] Regenrating properties files.
2018-01-24 23:30:53.151 -05:00 [Information] 0 out of 102 pairs queried
2018-01-24 23:30:56.364 -05:00 [Information] 25 out of 102 pairs queried
2018-01-24 23:30:58.274 -05:00 [Information] 50 out of 102 pairs queried
2018-01-24 23:31:01.444 -05:00 [Information] 75 out of 102 pairs queried
2018-01-24 23:31:04.866 -05:00 [Information] 100 out of 102 pairs queried
2018-01-24 23:31:05.144 -05:00 [Information] PAIRS.properties file written to C:\Users\Administrator\Desktop\Crypto Savvy Coins\trading
2018-01-24 23:31:10.150 -05:00 [Information] DCA.properties file written to C:\Users\Administrator\Desktop\Crypto Savvy Coins\trading
2018-01-24 23:31:15.157 -05:00 [Information] INDICATORS.properties file written to C:\Users\Administrator\Desktop\Crypto Savvy Coins\trading
2018-01-24 23:31:15.162 -05:00 [Information] Next run scheduled for 5 mins
2018-01-24 23:37:37.051 -05:00 [Information] Coins percentage change for the last 60 minutes is 0.0393%
2018-01-24 23:37:37.054 -05:00 [Information] BTC percentage change for the last 60 minutes is -1.9552%
2018-01-24 23:37:37.072 -05:00 [Information] Market condition is still 03-boring
2018-01-24 23:37:37.074 -05:00 [Information] Next run scheduled for 5 mins
2018-01-24 23:43:59.192 -05:00 [Information] Coins percentage change for the last 60 minutes is 0.1031%
2018-01-24 23:43:59.286 -05:00 [Information] BTC percentage change for the last 60 minutes is -2.1565%
2018-01-24 23:43:59.287 -05:00 [Information] Market condition is still 03-boring
2018-01-24 23:43:59.320 -05:00 [Information] Next run scheduled for 5 mins
2018-01-24 23:50:21.662 -05:00 [Information] Coins percentage change for the last 60 minutes is 0.2755%
2018-01-24 23:50:21.744 -05:00 [Information] BTC percentage change for the last 60 minutes is -1.176%
2018-01-24 23:50:21.747 -05:00 [Information] Market condition is still 03-boring
2018-01-24 23:50:21.748 -05:00 [Information] Next run scheduled for 5 mins
2018-01-24 23:56:45.348 -05:00 [Information] Coins percentage change for the last 60 minutes is 0.3407%
2018-01-24 23:56:45.351 -05:00 [Information] BTC percentage change for the last 60 minutes is -1.0316%
2018-01-24 23:56:45.354 -05:00 [Information] Market condition is still 03-boring
2018-01-24 23:56:45.370 -05:00 [Information] Next run scheduled for 5 mins
